[13:35:21] [Render thread/INFO] [JMLogger] JourneyMap log initialized.
[13:35:21] [Render thread/INFO] [JourneymapClient] initialize ENTER
[13:35:21] [Render thread/INFO] [ClientAPI] [ClientAPI] built with JourneyMap API 1.9-SNAPSHOT
[13:35:21] [Render thread/INFO] [PluginHelper] Initializing plugins with Client API: journeymap.client.api.impl.ClientAPI
[13:35:21] [Render thread/INFO] [PluginHelper] Initialized IClientPlugin: net.blay09.mods.waystones.compat.JourneyMapAddon
[13:35:21] [Render thread/DEBUG] [JourneymapClient] Loading and Generating Journeymap configs
[13:35:21] [Render thread/WARN] [PropertiesBase] core (Initialized) Bad configField entry during updateFrom(): optionsManagerViewed=null
[13:35:21] [Render thread/WARN] [PropertiesBase] core (Initialized) Bad configField entry during updateFrom(): splashViewed=null
[13:35:21] [Render thread/INFO] [?] Version: JourneyMap 1.19.2-5.9.2, built with forge 1.19.2-43.1.52
forge: 43.2.3
Environment: os.name, os.arch, java.version, user.country, user.language=null, game language=en_us, locale=en_us
Features: 
	RadarPlayers : singleplayer = true , multiplayer = true
	RadarAnimals : singleplayer = true , multiplayer = true
	RadarMobs : singleplayer = true , multiplayer = true
	RadarVillagers : singleplayer = true , multiplayer = true
	MapTopo : singleplayer = true , multiplayer = true
	MapSurface : singleplayer = true , multiplayer = true
	MapCaves : singleplayer = true , multiplayer = true
	MapBiome : singleplayer = true , multiplayer = true
MiniMapProperties{state=Valid, file=journeymap.minimap.config, configVersion=5.9.2, zoomLevel=0, compassFontScale=1.0, terrainAlpha=100, showEntityNames=true, positionX=0.9, positionY=0.25, effectVertical=false, showPlayerHeading=true, sizePercent=30, playerDisplayScale=1.0, showDayNight=true, showPets=true, preferredMapType=night, showCompass=true, mobDisplay=jm.common.entity_display.dots, systemTimeRealFormat=HH:mm:ss, shape=jm.minimap.shape_circle, showSelf=true, selfDisplayScale=1.0, showGrid=true, reticleOrientation=jm.minimap.orientation.compass, gameTimeRealFormat=HH:mm:ss, effectTranslateX=-76, showWaypoints=true, minimapKeyMovementSpeed=0.001, showAnimals=true, infoSlotAlpha=0.7, effectTranslateY=0, showWaypointLabels=true, moveEffectIcons=true, position=jm.minimap.position_topright, fontScale=1.0, showPlayers=true, waypointIconScale=1.0, frameAlpha=100, effectReversed=false, backgroundAlpha=0.8, enabled=true, showVillagers=true, info2Label=jm.theme.labelsource.gametime, info3Label=jm.theme.labelsource.location, showMobs=true, waypointLabelScale=1.0, showReticle=true, orientation=jm.minimap.orientation.north, info4Label=jm.theme.labelsource.biome, locationFormat=xzyv, playerDisplay=jm.common.entity_display.dots, mobDisplayScale=1.0, showCaves=true, showMobHeading=true, locationFormatVerbose=true, info1Label=jm.theme.labelsource.blank}
MiniMapProperties{state=Valid, file=journeymap.minimap2.config, configVersion=5.9.2, zoomLevel=0, compassFontScale=1.0, terrainAlpha=100, showEntityNames=true, positionX=0.9, positionY=0.25, effectVertical=false, showPlayerHeading=true, sizePercent=30, playerDisplayScale=1.0, showDayNight=true, showPets=true, preferredMapType=day, showCompass=true, mobDisplay=jm.common.entity_display.dots, systemTimeRealFormat=HH:mm:ss, shape=jm.minimap.shape_rectangle, showSelf=true, selfDisplayScale=1.0, showGrid=true, reticleOrientation=jm.minimap.orientation.compass, gameTimeRealFormat=HH:mm:ss, effectTranslateX=0, showWaypoints=true, minimapKeyMovementSpeed=0.001, showAnimals=true, infoSlotAlpha=0.7, effectTranslateY=0, showWaypointLabels=true, moveEffectIcons=true, position=jm.minimap.position_topright, fontScale=1.0, showPlayers=true, waypointIconScale=1.0, frameAlpha=100, effectReversed=false, backgroundAlpha=0.8, enabled=true, showVillagers=true, info2Label=jm.theme.labelsource.gametime, info3Label=jm.theme.labelsource.location, showMobs=true, waypointLabelScale=1.0, showReticle=true, orientation=jm.minimap.orientation.north, info4Label=jm.theme.labelsource.biome, locationFormat=xzyv, playerDisplay=jm.common.entity_display.dots, mobDisplayScale=1.0, showCaves=true, showMobHeading=true, locationFormatVerbose=true, info1Label=jm.theme.labelsource.blank}
FullMapProperties{state=Valid, file=journeymap.fullmap.config, configVersion=5.9.2, zoomLevel=0, showPlayers=true, waypointIconScale=1.0, showEntityNames=true, showPlayerHeading=true, showVillagers=true, showPlayerLoc=true, showKeys=true, playerDisplayScale=1.0, showMobs=true, showPets=true, waypointLabelScale=1.0, preferredMapType=day, mobDisplay=jm.common.entity_display.dots, showSelf=true, locationFormat=xzyv, playerDisplay=jm.common.entity_display.dots, mobDisplayScale=1.0, selfDisplayScale=1.0, showGrid=true, showMouseLoc=true, showWaypoints=true, showCaves=true, showAnimals=true, dragScale=1, showMobHeading=true, showWaypointLabels=true, locationFormatVerbose=true, fontScale=1.0}
WaypointProperties{state=Valid, file=journeymap.waypoint.config, configVersion=5.9.2, autoRemoveDeathpointDistance=2, dateFormat=MM-dd-yyyy, autoRemoveDeathpoints=false, fullscreenDoubleClickToCreate=true, managerDimensionFocus=false, minDistance=4, boldLabel=false, textureSmall=true, showDeathpointlabel=true, beaconEnabled=true, createDeathpoints=true, showName=true, disableStrikeThrough=false, maxDistance=0, autoHideLabel=true, autoRemoveTempWaypoints=2, teleportCommand=/tp {name} {x} {y} {z}, showStaticBeam=true, shaderBeacon=false, timeFormat=HH:mm:ss, showDeviationLabel=false, showDistance=true, showRotatingBeam=true, fontScale=2.0, showTexture=true, managerEnabled=true}
WebMapProperties{state=Valid, file=journeymap.webmap.config, configVersion=5.9.2, port=8080, enabled=false}
CoreProperties{state=Valid, file=journeymap.core.config, configVersion=5.9.2, verboseColorPalette=false, maxPlayersData=32, mapSurfaceAboveCaves=true, dataCachingEnabled=true, optionsManagerViewed=null, announceMod=true, colorPassive=#bbbbbb, mapBlendWater=false, renderDistanceSurfaceMax=0, seedId=false, radarVerticalDistance=16, mapBlendGrass=true, recordCacheStats=false, hideSneakingEntities=true, revealShape=jm.minimap.shape_circle, mapBiome=true, alwaysMapSurface=false, colorVillager=#88e188, mapPlants=false, colorPet=#0077ff, radarLateralDistance=64, mapBathymetry=false, mapCrops=true, maxMobsData=32, mapPlantShadows=false, alwaysMapCaves=false, checkUpdates=true, mapBlendFoliage=true, hideSpectators=false, mappingEnabled=true, colorPlayer=#ffffff, tileHighDisplayQuality=true, cacheVillagersData=2200, logLevel=INFO, maxVillagersData=32, mapWaterBiomeColors=false, maxAnimalsData=32, mapTransparency=true, caveBlackAsClear=false, tileRenderType=1, caveIgnoreGlass=true, mapTopography=true, renderDistanceCaveMax=0, mapAntialiasing=true, colorSelf=#0000ff, cachePlayersData=2000, cacheMobsData=3000, cachePlayerData=1000, splashViewed=null, colorHostile=#ff0000, cacheAnimalsData=3100, themeName=OceanMonument, mapCaveLighting=true, renderDelay=2, glErrorChecking=false, autoMapPoll=2000}
[13:35:21] [Render thread/DEBUG] [ForgeEventHandlerManager] Handler registered: journeymap.client.event.forge.ForgeKeyEvents
[13:35:21] [Render thread/DEBUG] [ForgeEventHandlerManager] Handler registered: journeymap.client.event.forge.ForgeChatEvents
[13:35:21] [Render thread/DEBUG] [ForgeEventHandlerManager] Handler registered: journeymap.client.event.forge.ForgeHudOverlayEvents
[13:35:21] [Render thread/DEBUG] [ForgeEventHandlerManager] Handler registered: journeymap.client.event.forge.ForgeWorldEvent
[13:35:21] [Render thread/DEBUG] [ForgeEventHandlerManager] Handler registered: journeymap.client.event.forge.ForgeChunkEvents
[13:35:21] [Render thread/DEBUG] [ForgeEventHandlerManager] Handler registered: journeymap.client.event.forge.ForgeClientTickEvent
[13:35:21] [Render thread/DEBUG] [ForgeEventHandlerManager] Handler registered: journeymap.client.event.forge.ForgeRenderLevelLastEvent
[13:35:21] [Render thread/DEBUG] [ForgeEventHandlerManager] Handler registered: journeymap.client.event.forge.ForgeLoggedInEvent
[13:35:21] [Render thread/DEBUG] [ForgeEventHandlerManager] Handler registered: journeymap.client.event.forge.ForgeTextureStitchedEvent
[13:35:21] [Render thread/DEBUG] [ForgeEventHandlerManager] Handler registered: journeymap.client.event.forge.ForgePopupCustomEvents
[13:35:22] [Render thread/INFO] [JourneymapClient] initialize EXIT, elapsed count 1 avg 270.19ms
[13:35:27] [Render thread/INFO] [JourneymapClient] Journeymap PostInit
[13:35:27] [Render thread/DEBUG] [JourneymapClient] postInitialize ENTER
[13:35:27] [Render thread/TRACE] [ThemeLoader] Initializing themes ...
[13:35:27] [Render thread/ERROR] [FileHandler] Couldn't locate icons for flat: C:\Users\grant\AppData\Roaming\PrismLauncher\instances\Industrial%20Machines\minecraft\mods\journeymap-1.19.2-5.9.2-forge.jar\assets\journeymap\theme\flat
[13:35:27] [Render thread/INFO] [ThemeLoader] Preloaded theme textures: 0
[13:35:27] [Render thread/INFO] [JourneymapClient] postInitialize EXIT, elapsed count 1 avg 22.54ms
[13:38:50] [Server thread/INFO] [ForgeConfig] Loading JourneyMap Forge Configs
[13:39:01] [Render thread/WARN] [JMLogger] Can't get entityTexture for betteranimalsplus:textures/entity_icon/songbird_small_1.png
[13:39:01] [Render thread/INFO] [ChatLog] JourneyMap: Press [J]
[13:39:02] [Render thread/WARN] [PropertiesBase] core (Initialized) Bad configField entry during updateFrom(): optionsManagerViewed=null
[13:39:02] [Render thread/WARN] [PropertiesBase] core (Initialized) Bad configField entry during updateFrom(): splashViewed=null
[13:39:02] [Render thread/INFO] [WaypointStore] Loaded 0 waypoints from C:\Users\grant\AppData\Roaming\PrismLauncher\instances\Industrial Machines\minecraft\journeymap\data\sp\New World\waypoints
[13:39:02] [Render thread/INFO] [JourneymapClient] Mapping started in C:\Users\grant\AppData\Roaming\PrismLauncher\instances\Industrial Machines\minecraft\journeymap\data\sp\New World\overworld. Memory: 2528MB total, 943MB free 
[13:40:01] [Render thread/WARN] [JMLogger] Can't get entityTexture for betteranimalsplus:textures/entity_icon/songbird_small_6.png
[13:43:45] [Render thread/WARN] [JMLogger] Can't get entityTexture for betteranimalsplus:textures/entity_icon/eel_freshwater_longfin.png
[13:43:51] [Render thread/WARN] [JMLogger] Can't get entityTexture for betteranimalsplus:textures/entity_icon/eel_freshwater_silver.png
[13:43:51] [Render thread/WARN] [JMLogger] Can't get entityTexture for betteranimalsplus:textures/entity_icon/lamprey_yellow.png
[13:43:51] [Render thread/WARN] [JMLogger] Can't get entityTexture for betteranimalsplus:textures/entity_icon/lamprey_brown.png
[13:44:01] [Render thread/WARN] [JMLogger] Can't get entityTexture for betteranimalsplus:textures/entity_icon/lamprey_spotted.png
[13:44:05] [Render thread/WARN] [JMLogger] Can't get entityTexture for betteranimalsplus:textures/entity_icon/goose_3.png
[13:50:16] [Render thread/WARN] [JMLogger] Can't get entityTexture for betteranimalsplus:textures/entity_icon/pheasant_2.png
[13:50:16] [Render thread/WARN] [JMLogger] Can't get entityTexture for betteranimalsplus:textures/entity_icon/pheasant_1.png
[13:50:16] [Render thread/WARN] [JMLogger] Can't get entityTexture for betteranimalsplus:textures/entity_icon/lammergeier_orange.png
[13:50:57] [Render thread/WARN] [JMLogger] Can't get entityTexture for betteranimalsplus:textures/entity_icon/boar_dark_brown.png
[13:50:57] [Render thread/WARN] [JMLogger] Can't get entityTexture for betteranimalsplus:textures/entity_icon/butterfly_swallowtail.png
[13:51:06] [Render thread/WARN] [JMLogger] Can't get entityTexture for betteranimalsplus:textures/entity_icon/butterfly_purple_emperor.png
[13:51:19] [Render thread/WARN] [JMLogger] Can't get entityTexture for betteranimalsplus:textures/entity_icon/butterfly_sulphur.png
[13:51:35] [Render thread/WARN] [JMLogger] Can't get entityTexture for betteranimalsplus:textures/entity_icon/turkey_1.png
[16:35:02] [Render thread/INFO] [JourneymapClient] Mapping halted in C:\Users\grant\AppData\Roaming\PrismLauncher\instances\Industrial Machines\minecraft\journeymap\data\mp\offline\minecraft:overworld
